<?xml version="1.0" encoding="UTF-8"?>
<!-- Generated by org.testng.reporters.JUnitXMLReporter -->
<testsuite ignored="0" hostname="DESKTOP-DMK5NVR" failures="0" tests="3" name="Test" time="95.67" errors="0" timestamp="2025-06-24T20:47:50 IST">
  <testcase classname="TestNGExecutionbatch.Sample" name="instagram" time="40.184"/>
  <testcase classname="TestNGExecutionbatch.Sample2" name="flipkart" time="57.429"/>
  <testcase classname="TestNGExecutionbatch.Sample1" name="amazon" time="95.191"/>
</testsuite> <!-- Test -->
