<?xml version="1.0" encoding="UTF-8"?>
<testng-results ignored="0" total="1" passed="1" failed="0" skipped="0">
  <reporter-output>
  </reporter-output>
  <suite started-at="2025-08-02T15:17:19 IST" name="Default suite" finished-at="2025-08-02T15:17:46 IST" duration-ms="26729">
    <groups>
    </groups>
    <test started-at="2025-08-02T15:17:19 IST" name="Default test" finished-at="2025-08-02T15:17:46 IST" duration-ms="26729">
      <class name="TestNGExecutionbatch.Sample">
        <test-method signature="instagram()[pri:0, instance:TestNGExecutionbatch.Sample@7b98f307]" started-at="2025-08-02T15:17:19 IST" name="instagram" finished-at="2025-08-02T15:17:46 IST" duration-ms="26279" status="PASS">
          <reporter-output>
          </reporter-output>
        </test-method> <!-- instagram -->
      </class> <!-- TestNGExecutionbatch.Sample -->
    </test> <!-- Default test -->
  </suite> <!-- Default suite -->
</testng-results>
